Using pre-set license

 COMMAND LINE ARGUMENTS:
/Applications/Unity/Hub/Editor/2020.3.0f1/Unity.app/Contents/MacOS/Unity
-adb2
-batchMode
-noUpm
-name
AssetImportWorker0
-projectPath
/Users/quantumtek/Desktop/wmatthews-dev/event-system/Event System
-logFile
Logs/AssetImportWorker0.log
-srvPort
49966
Successfully changed project path to: /Users/quantumtek/Desktop/wmatthews-dev/event-system/Event System
/Users/quantumtek/Desktop/wmatthews-dev/event-system/Event System
Using Asset Import Pipeline V2.
Refreshing native plugins compatible for Editor in 61.15 ms, found 2 plugins.
Preloading 0 native plugins for Editor in 0.00 ms.
Initialize engine version: 2020.3.0f1 (c7b5465681fb)
[Subsystems] Discovering subsystems at path /Applications/Unity/Hub/Editor/2020.3.0f1/Unity.app/Contents/Resources/UnitySubsystems
[Subsystems] Discovering subsystems at path /Users/quantumtek/Desktop/wmatthews-dev/event-system/Event System/Assets
GfxDevice: creating device client; threaded=0
2021-03-23 07:55:21.541 Unity[2539:19966] iMac preferred device: NVIDIA GeForce GT 650M (high power)
2021-03-23 07:55:21.542 Unity[2539:19966] Metal devices available: 1
2021-03-23 07:55:21.542 Unity[2539:19966] 0: NVIDIA GeForce GT 650M (high power)
2021-03-23 07:55:21.543 Unity[2539:19966] Using device NVIDIA GeForce GT 650M (high power)
Initializing Metal device caps: NVIDIA GeForce GT 650M
Initialize mono
Mono path[0] = '/Applications/Unity/Hub/Editor/2020.3.0f1/Unity.app/Contents/Managed'
Mono path[1] = '/Applications/Unity/Hub/Editor/2020.3.0f1/Unity.app/Contents/MonoBleedingEdge/lib/mono/unityjit'
Mono config path = '/Applications/Unity/Hub/Editor/2020.3.0f1/Unity.app/Contents/MonoBleedingEdge/etc'
Using monoOptions --debugger-agent=transport=dt_socket,embedding=1,server=y,suspend=n,address=127.0.0.1:56539
Begin MonoManager ReloadAssembly
Registering precompiled unity dll's ...
Register platform support module: /Applications/Unity/Hub/Editor/2020.3.0f1/PlaybackEngines/WebGLSupport/UnityEditor.WebGL.Extensions.dll
Register platform support module: /Applications/Unity/Hub/Editor/2020.3.0f1/Unity.app/Contents/PlaybackEngines/MacStandaloneSupport/UnityEditor.OSXStandalone.Extensions.dll
Registered in 0.005262 seconds.
Native extension for OSXStandalone target not found
Native extension for WebGL target not found
Refreshing native plugins compatible for Editor in 58.32 ms, found 2 plugins.
Preloading 0 native plugins for Editor in 0.00 ms.
Invoked RoslynAnalysisRunner static constructor.
RoslynAnalysisRunner will not be running.
RoslynAnalysisRunner has terminated.
Mono: successfully reloaded assembly
- Completed reload, in  2.711 seconds
Platform modules already initialized, skipping
Registering precompiled user dll's ...
Registered in 0.001377 seconds.
Begin MonoManager ReloadAssembly
Native extension for OSXStandalone target not found
Native extension for WebGL target not found
Refreshing native plugins compatible for Editor in 59.64 ms, found 2 plugins.
Preloading 0 native plugins for Editor in 0.00 ms.
Invoked RoslynAnalysisRunner static constructor.
RoslynAnalysisRunner will not be running.
RoslynAnalysisRunner has terminated.
Mono: successfully reloaded assembly
- Completed reload, in  1.903 seconds
Platform modules already initialized, skipping
========================================================================
Worker process is ready to serve import requests
Launching external process: /Applications/Unity/Hub/Editor/2020.3.0f1/Unity.app/Contents/Tools/UnityShaderCompiler
Launched and connected shader compiler UnityShaderCompiler after 0.03 seconds
Refreshing native plugins compatible for Editor in 0.68 ms, found 2 plugins.
Preloading 0 native plugins for Editor in 0.00 ms.
Unloading 1806 Unused Serialized files (Serialized files now loaded: 0)
System memory in use before: 142.9 MB.
System memory in use after: 142.9 MB.

Unloading 24 unused Assets to reduce memory usage. Loaded Objects now: 2248.
Total: 3.305009 ms (FindLiveObjects: 0.314831 ms CreateObjectMapping: 0.210917 ms MarkObjects: 2.608993 ms  DeleteObjects: 0.168530 ms)

========================================================================
Received Import Request.
  path: Assets/Demo/Demo.unity
  artifactKey: Guid(2cda990e2423bbf4892e6590ba056729) Importer(815301076,1909f56bfc062723c751e8b465ee728b)
Start importing Assets/Demo/Demo.unity using Guid(2cda990e2423bbf4892e6590ba056729) Importer(815301076,1909f56bfc062723c751e8b465ee728b)  -> (artifact id: 'aff01565287c358d30e2f7d62a46d876') in 0.019792 seconds
  Import took 0.025733 seconds .

========================================================================
Received Import Request.
  Time since last request: 18.121164 seconds.
  path: Assets/Event System
  artifactKey: Guid(76d4cdd6393ac4d7d9dd42afa74ec282) Importer(815301076,1909f56bfc062723c751e8b465ee728b)
Start importing Assets/Event System using Guid(76d4cdd6393ac4d7d9dd42afa74ec282) Importer(815301076,1909f56bfc062723c751e8b465ee728b)  -> (artifact id: 'bfb6d721b7d3095d37c13fe8aabc956d') in 0.002405 seconds
  Import took 0.008055 seconds .

========================================================================
Received Import Request.
  Time since last request: 6.980360 seconds.
  path: Assets/Event System/Scripts
  artifactKey: Guid(4a485c2d1f7e440e3842e1b3eb067954) Importer(815301076,1909f56bfc062723c751e8b465ee728b)
Start importing Assets/Event System/Scripts using Guid(4a485c2d1f7e440e3842e1b3eb067954) Importer(815301076,1909f56bfc062723c751e8b465ee728b)  -> (artifact id: 'ee7ed7b5c0fb0b791145519a659a851e') in 0.003040 seconds
  Import took 0.010430 seconds .

========================================================================
Received Import Request.
  Time since last request: 60.706797 seconds.
  path: Assets/Event System/LICENSE
  artifactKey: Guid(c9856eead0cd8446f92909948d00425a) Importer(815301076,1909f56bfc062723c751e8b465ee728b)
Start importing Assets/Event System/LICENSE using Guid(c9856eead0cd8446f92909948d00425a) Importer(815301076,1909f56bfc062723c751e8b465ee728b)  -> (artifact id: '1386097622fd00356fda72fc28874d94') in 0.003840 seconds
  Import took 0.009233 seconds .

========================================================================
Received Prepare
Registering precompiled user dll's ...
Registered in 0.000950 seconds.
Begin MonoManager ReloadAssembly
Native extension for OSXStandalone target not found
Native extension for WebGL target not found
Refreshing native plugins compatible for Editor in 0.42 ms, found 2 plugins.
Preloading 0 native plugins for Editor in 0.00 ms.
Invoked RoslynAnalysisRunner static constructor.
RoslynAnalysisRunner will not be running.
RoslynAnalysisRunner has terminated.
Mono: successfully reloaded assembly
- Completed reload, in  1.622 seconds
Platform modules already initialized, skipping
Refreshing native plugins compatible for Editor in 0.46 ms, found 2 plugins.
Preloading 0 native plugins for Editor in 0.00 ms.
Unloading 1791 Unused Serialized files (Serialized files now loaded: 0)
System memory in use before: 142.8 MB.
System memory in use after: 142.8 MB.

Unloading 17 unused Assets to reduce memory usage. Loaded Objects now: 2247.
Total: 4.316947 ms (FindLiveObjects: 0.298883 ms CreateObjectMapping: 0.150621 ms MarkObjects: 3.615358 ms  DeleteObjects: 0.250329 ms)

========================================================================
Received Prepare
Registering precompiled user dll's ...
Registered in 0.000592 seconds.
Begin MonoManager ReloadAssembly
Native extension for OSXStandalone target not found
Native extension for WebGL target not found
Refreshing native plugins compatible for Editor in 69.92 ms, found 1 plugins.
Preloading 0 native plugins for Editor in 0.00 ms.
Invoked RoslynAnalysisRunner static constructor.
RoslynAnalysisRunner will not be running.
RoslynAnalysisRunner has terminated.
Mono: successfully reloaded assembly
- Completed reload, in  2.112 seconds
Platform modules already initialized, skipping
Refreshing native plugins compatible for Editor in 0.45 ms, found 1 plugins.
Preloading 0 native plugins for Editor in 0.00 ms.
Unloading 1443 Unused Serialized files (Serialized files now loaded: 0)
System memory in use before: 132.2 MB.
System memory in use after: 132.3 MB.

Unloading 123 unused Assets to reduce memory usage. Loaded Objects now: 2130.
Total: 2.507494 ms (FindLiveObjects: 0.214148 ms CreateObjectMapping: 0.071794 ms MarkObjects: 2.086180 ms  DeleteObjects: 0.133763 ms)

========================================================================
Received Prepare
Registering precompiled user dll's ...
Registered in 0.000536 seconds.
Begin MonoManager ReloadAssembly
Native extension for OSXStandalone target not found
Native extension for WebGL target not found
Refreshing native plugins compatible for Editor in 0.26 ms, found 1 plugins.
Preloading 0 native plugins for Editor in 0.00 ms.
Invoked RoslynAnalysisRunner static constructor.
RoslynAnalysisRunner will not be running.
RoslynAnalysisRunner has terminated.
Mono: successfully reloaded assembly
- Completed reload, in  1.428 seconds
Platform modules already initialized, skipping
Refreshing native plugins compatible for Editor in 0.25 ms, found 1 plugins.
Preloading 0 native plugins for Editor in 0.00 ms.
Unloading 1182 Unused Serialized files (Serialized files now loaded: 0)
System memory in use before: 122.6 MB.
System memory in use after: 122.7 MB.

Unloading 111 unused Assets to reduce memory usage. Loaded Objects now: 2027.
Total: 2.590004 ms (FindLiveObjects: 0.244756 ms CreateObjectMapping: 0.137257 ms MarkObjects: 2.101466 ms  DeleteObjects: 0.104299 ms)

========================================================================
Received Prepare
Registering precompiled user dll's ...
Registered in 0.000626 seconds.
Begin MonoManager ReloadAssembly
Native extension for OSXStandalone target not found
Native extension for WebGL target not found
Refreshing native plugins compatible for Editor in 0.26 ms, found 1 plugins.
Preloading 0 native plugins for Editor in 0.00 ms.
Invoked RoslynAnalysisRunner static constructor.
RoslynAnalysisRunner will not be running.
RoslynAnalysisRunner has terminated.
Mono: successfully reloaded assembly
- Completed reload, in  1.321 seconds
Platform modules already initialized, skipping
Refreshing native plugins compatible for Editor in 0.26 ms, found 1 plugins.
Preloading 0 native plugins for Editor in 0.00 ms.
Unloading 1142 Unused Serialized files (Serialized files now loaded: 0)
System memory in use before: 118.3 MB.
System memory in use after: 118.4 MB.

Unloading 5 unused Assets to reduce memory usage. Loaded Objects now: 2030.
Total: 4.942826 ms (FindLiveObjects: 0.545320 ms CreateObjectMapping: 0.755357 ms MarkObjects: 3.502366 ms  DeleteObjects: 0.133720 ms)

========================================================================
Received Prepare
Registering precompiled user dll's ...
Registered in 0.000520 seconds.
Begin MonoManager ReloadAssembly
Native extension for OSXStandalone target not found
Native extension for WebGL target not found
Refreshing native plugins compatible for Editor in 0.32 ms, found 1 plugins.
Preloading 0 native plugins for Editor in 0.00 ms.
Invoked RoslynAnalysisRunner static constructor.
RoslynAnalysisRunner will not be running.
RoslynAnalysisRunner has terminated.
Mono: successfully reloaded assembly
- Completed reload, in  1.431 seconds
Platform modules already initialized, skipping
Refreshing native plugins compatible for Editor in 0.24 ms, found 1 plugins.
Preloading 0 native plugins for Editor in 0.00 ms.
Unloading 1110 Unused Serialized files (Serialized files now loaded: 0)
System memory in use before: 117.5 MB.
System memory in use after: 117.5 MB.

Unloading 5 unused Assets to reduce memory usage. Loaded Objects now: 2033.
Total: 5.972745 ms (FindLiveObjects: 0.258672 ms CreateObjectMapping: 0.380822 ms MarkObjects: 5.267417 ms  DeleteObjects: 0.064174 ms)

========================================================================
Received Prepare
Registering precompiled user dll's ...
Registered in 0.000468 seconds.
Begin MonoManager ReloadAssembly
Native extension for OSXStandalone target not found
Native extension for WebGL target not found
Refreshing native plugins compatible for Editor in 0.40 ms, found 1 plugins.
Preloading 0 native plugins for Editor in 0.00 ms.
Invoked RoslynAnalysisRunner static constructor.
RoslynAnalysisRunner will not be running.
RoslynAnalysisRunner has terminated.
Mono: successfully reloaded assembly
- Completed reload, in  1.980 seconds
Platform modules already initialized, skipping
Refreshing native plugins compatible for Editor in 0.24 ms, found 1 plugins.
Preloading 0 native plugins for Editor in 0.00 ms.
Unloading 1041 Unused Serialized files (Serialized files now loaded: 0)
System memory in use before: 115.9 MB.
System memory in use after: 116.0 MB.

Unloading 5 unused Assets to reduce memory usage. Loaded Objects now: 1967.
Total: 2.815930 ms (FindLiveObjects: 0.224272 ms CreateObjectMapping: 0.101976 ms MarkObjects: 2.376396 ms  DeleteObjects: 0.111462 ms)

========================================================================
Received Prepare
Registering precompiled user dll's ...
Registered in 0.000484 seconds.
Begin MonoManager ReloadAssembly
Native extension for OSXStandalone target not found
Native extension for WebGL target not found
Refreshing native plugins compatible for Editor in 0.21 ms, found 1 plugins.
Preloading 0 native plugins for Editor in 0.00 ms.
Invoked RoslynAnalysisRunner static constructor.
RoslynAnalysisRunner will not be running.
RoslynAnalysisRunner has terminated.
Mono: successfully reloaded assembly
- Completed reload, in  1.236 seconds
Platform modules already initialized, skipping
Refreshing native plugins compatible for Editor in 0.19 ms, found 1 plugins.
Preloading 0 native plugins for Editor in 0.00 ms.
Unloading 783 Unused Serialized files (Serialized files now loaded: 0)
System memory in use before: 108.5 MB.
System memory in use after: 108.6 MB.

Unloading 5 unused Assets to reduce memory usage. Loaded Objects now: 1970.
Total: 2.069532 ms (FindLiveObjects: 0.198564 ms CreateObjectMapping: 0.058042 ms MarkObjects: 1.747965 ms  DeleteObjects: 0.063228 ms)

========================================================================
Received Prepare
Registering precompiled user dll's ...
Registered in 0.000430 seconds.
Begin MonoManager ReloadAssembly
Native extension for OSXStandalone target not found
Native extension for WebGL target not found
Refreshing native plugins compatible for Editor in 0.17 ms, found 1 plugins.
Preloading 0 native plugins for Editor in 0.00 ms.
Invoked RoslynAnalysisRunner static constructor.
RoslynAnalysisRunner will not be running.
RoslynAnalysisRunner has terminated.
Mono: successfully reloaded assembly
- Completed reload, in  1.194 seconds
Platform modules already initialized, skipping
Refreshing native plugins compatible for Editor in 0.19 ms, found 1 plugins.
Preloading 0 native plugins for Editor in 0.00 ms.
Unloading 665 Unused Serialized files (Serialized files now loaded: 0)
System memory in use before: 105.5 MB.
System memory in use after: 105.6 MB.

Unloading 5 unused Assets to reduce memory usage. Loaded Objects now: 1973.
Total: 2.190205 ms (FindLiveObjects: 0.245624 ms CreateObjectMapping: 0.058227 ms MarkObjects: 1.818989 ms  DeleteObjects: 0.065435 ms)

========================================================================
Received Prepare
Registering precompiled user dll's ...
Registered in 0.000407 seconds.
Begin MonoManager ReloadAssembly
Native extension for OSXStandalone target not found
Native extension for WebGL target not found
Refreshing native plugins compatible for Editor in 0.19 ms, found 1 plugins.
Preloading 0 native plugins for Editor in 0.00 ms.
Invoked RoslynAnalysisRunner static constructor.
RoslynAnalysisRunner will not be running.
RoslynAnalysisRunner has terminated.
Mono: successfully reloaded assembly
- Completed reload, in  1.219 seconds
Platform modules already initialized, skipping
Refreshing native plugins compatible for Editor in 0.16 ms, found 1 plugins.
Preloading 0 native plugins for Editor in 0.00 ms.
Unloading 658 Unused Serialized files (Serialized files now loaded: 0)
System memory in use before: 105.3 MB.
System memory in use after: 105.4 MB.

Unloading 5 unused Assets to reduce memory usage. Loaded Objects now: 1976.
Total: 1.984858 ms (FindLiveObjects: 0.171568 ms CreateObjectMapping: 0.056348 ms MarkObjects: 1.692857 ms  DeleteObjects: 0.062651 ms)

========================================================================
Received Import Request.
  Time since last request: 251.622761 seconds.
  path: Assets/Event System/Scripts/EventManagerSO.cs
  artifactKey: Guid(298616fd65d8044c5bf8daab94017716) Importer(815301076,1909f56bfc062723c751e8b465ee728b)
Start importing Assets/Event System/Scripts/EventManagerSO.cs using Guid(298616fd65d8044c5bf8daab94017716) Importer(815301076,1909f56bfc062723c751e8b465ee728b)  -> (artifact id: 'd8273c7e2b2f8fbea48af8e52e664250') in 0.918196 seconds
  Import took 0.924973 seconds .

========================================================================
Received Prepare
Registering precompiled user dll's ...
Registered in 0.000390 seconds.
Begin MonoManager ReloadAssembly
Native extension for OSXStandalone target not found
Native extension for WebGL target not found
Refreshing native plugins compatible for Editor in 0.17 ms, found 1 plugins.
Preloading 0 native plugins for Editor in 0.00 ms.
Invoked RoslynAnalysisRunner static constructor.
RoslynAnalysisRunner will not be running.
RoslynAnalysisRunner has terminated.
Mono: successfully reloaded assembly
- Completed reload, in  1.369 seconds
Platform modules already initialized, skipping
Refreshing native plugins compatible for Editor in 0.16 ms, found 1 plugins.
Preloading 0 native plugins for Editor in 0.00 ms.
Unloading 672 Unused Serialized files (Serialized files now loaded: 0)
System memory in use before: 111.7 MB.
System memory in use after: 111.2 MB.

Unloading 18 unused Assets to reduce memory usage. Loaded Objects now: 1980.
Total: 2.413476 ms (FindLiveObjects: 0.189032 ms CreateObjectMapping: 0.058859 ms MarkObjects: 1.680097 ms  DeleteObjects: 0.483753 ms)

========================================================================
Received Prepare
Registering precompiled user dll's ...
Registered in 0.000433 seconds.
Begin MonoManager ReloadAssembly
Native extension for OSXStandalone target not found
Native extension for WebGL target not found
Refreshing native plugins compatible for Editor in 0.16 ms, found 1 plugins.
Preloading 0 native plugins for Editor in 0.00 ms.
Invoked RoslynAnalysisRunner static constructor.
RoslynAnalysisRunner will not be running.
RoslynAnalysisRunner has terminated.
Mono: successfully reloaded assembly
- Completed reload, in  1.136 seconds
Platform modules already initialized, skipping
Refreshing native plugins compatible for Editor in 0.17 ms, found 1 plugins.
Preloading 0 native plugins for Editor in 0.00 ms.
Unloading 672 Unused Serialized files (Serialized files now loaded: 0)
System memory in use before: 111.8 MB.
System memory in use after: 111.3 MB.

Unloading 18 unused Assets to reduce memory usage. Loaded Objects now: 1983.
Total: 2.446860 ms (FindLiveObjects: 0.228802 ms CreateObjectMapping: 0.090390 ms MarkObjects: 1.680151 ms  DeleteObjects: 0.446243 ms)

========================================================================
Received Import Request.
  Time since last request: 777.131058 seconds.
  path: Assets/Event System/Scripts/Event.cs
  artifactKey: Guid(3ecf779d3cd17444c8e736a0f9662ac8) Importer(815301076,1909f56bfc062723c751e8b465ee728b)
Start importing Assets/Event System/Scripts/Event.cs using Guid(3ecf779d3cd17444c8e736a0f9662ac8) Importer(815301076,1909f56bfc062723c751e8b465ee728b)  -> (artifact id: 'e4d05481c38386411dcd0414b69d12b2') in 0.012695 seconds
  Import took 0.056657 seconds .

========================================================================
Received Prepare
Registering precompiled user dll's ...
Registered in 0.000413 seconds.
Begin MonoManager ReloadAssembly
Native extension for OSXStandalone target not found
Native extension for WebGL target not found
Refreshing native plugins compatible for Editor in 0.18 ms, found 1 plugins.
Preloading 0 native plugins for Editor in 0.00 ms.
Invoked RoslynAnalysisRunner static constructor.
RoslynAnalysisRunner will not be running.
RoslynAnalysisRunner has terminated.
Mono: successfully reloaded assembly
- Completed reload, in  1.227 seconds
Platform modules already initialized, skipping
Refreshing native plugins compatible for Editor in 0.19 ms, found 1 plugins.
Preloading 0 native plugins for Editor in 0.00 ms.
Unloading 673 Unused Serialized files (Serialized files now loaded: 0)
System memory in use before: 112.0 MB.
System memory in use after: 111.4 MB.

Unloading 18 unused Assets to reduce memory usage. Loaded Objects now: 1987.
Total: 2.221884 ms (FindLiveObjects: 0.201314 ms CreateObjectMapping: 0.066709 ms MarkObjects: 1.505047 ms  DeleteObjects: 0.447426 ms)

========================================================================
Received Import Request.
  Time since last request: 13.353839 seconds.
  path: Assets/Event System/Scripts/EventSubscriber.cs
  artifactKey: Guid(9d8edac6990344ac2b45e1446450b44d) Importer(815301076,1909f56bfc062723c751e8b465ee728b)
Start importing Assets/Event System/Scripts/EventSubscriber.cs using Guid(9d8edac6990344ac2b45e1446450b44d) Importer(815301076,1909f56bfc062723c751e8b465ee728b)  -> (artifact id: '0163f5e7daf9e50661ecea0f9abc3eec') in 0.006358 seconds
  Import took 0.027148 seconds .

========================================================================
Received Prepare
Registering precompiled user dll's ...
Registered in 0.000360 seconds.
Begin MonoManager ReloadAssembly
Native extension for OSXStandalone target not found
Native extension for WebGL target not found
Refreshing native plugins compatible for Editor in 0.17 ms, found 1 plugins.
Preloading 0 native plugins for Editor in 0.00 ms.
Invoked RoslynAnalysisRunner static constructor.
RoslynAnalysisRunner will not be running.
RoslynAnalysisRunner has terminated.
Mono: successfully reloaded assembly
- Completed reload, in  1.138 seconds
Platform modules already initialized, skipping
Refreshing native plugins compatible for Editor in 0.17 ms, found 1 plugins.
Preloading 0 native plugins for Editor in 0.00 ms.
Unloading 674 Unused Serialized files (Serialized files now loaded: 0)
System memory in use before: 112.1 MB.
System memory in use after: 111.6 MB.

Unloading 18 unused Assets to reduce memory usage. Loaded Objects now: 1991.
Total: 2.618585 ms (FindLiveObjects: 0.228402 ms CreateObjectMapping: 0.117712 ms MarkObjects: 1.837677 ms  DeleteObjects: 0.433455 ms)

========================================================================
Received Prepare
Registering precompiled user dll's ...
Registered in 0.000418 seconds.
Begin MonoManager ReloadAssembly
Native extension for OSXStandalone target not found
Native extension for WebGL target not found
Refreshing native plugins compatible for Editor in 0.23 ms, found 1 plugins.
Preloading 0 native plugins for Editor in 0.00 ms.
Invoked RoslynAnalysisRunner static constructor.
RoslynAnalysisRunner will not be running.
RoslynAnalysisRunner has terminated.
Mono: successfully reloaded assembly
- Completed reload, in  1.167 seconds
Platform modules already initialized, skipping
Refreshing native plugins compatible for Editor in 0.16 ms, found 1 plugins.
Preloading 0 native plugins for Editor in 0.00 ms.
Unloading 674 Unused Serialized files (Serialized files now loaded: 0)
System memory in use before: 112.4 MB.
System memory in use after: 111.9 MB.

Unloading 18 unused Assets to reduce memory usage. Loaded Objects now: 1994.
Total: 2.663748 ms (FindLiveObjects: 0.223328 ms CreateObjectMapping: 0.112216 ms MarkObjects: 1.891126 ms  DeleteObjects: 0.435848 ms)

========================================================================
Received Import Request.
  Time since last request: 16604.482246 seconds.
  path: Assets/Event System/Demo/Event Manager.asset
  artifactKey: Guid(1394c0b20dd2b4e3888dc14a7c7aa8a2) Importer(815301076,1909f56bfc062723c751e8b465ee728b)
Start importing Assets/Event System/Demo/Event Manager.asset using Guid(1394c0b20dd2b4e3888dc14a7c7aa8a2) Importer(815301076,1909f56bfc062723c751e8b465ee728b)  -> (artifact id: '2af283b757c1d6b9904fbcd93d1f97b6') in 0.588952 seconds
  Import took 0.617897 seconds .

========================================================================
Received Import Request.
  Time since last request: 122.772890 seconds.
  path: Assets/Event System/Demo/Demo.cs
  artifactKey: Guid(baf08f4fb8de642e9a9619e43e48d901) Importer(815301076,1909f56bfc062723c751e8b465ee728b)
Start importing Assets/Event System/Demo/Demo.cs using Guid(baf08f4fb8de642e9a9619e43e48d901) Importer(815301076,1909f56bfc062723c751e8b465ee728b)  -> (artifact id: '88d3c3af895331b44b15c53f85a1ce1d') in 0.004316 seconds
  Import took 0.007865 seconds .

========================================================================
Received Prepare
Registering precompiled user dll's ...
Registered in 0.000388 seconds.
Begin MonoManager ReloadAssembly
Native extension for OSXStandalone target not found
Native extension for WebGL target not found
Refreshing native plugins compatible for Editor in 0.17 ms, found 1 plugins.
Preloading 0 native plugins for Editor in 0.00 ms.
Invoked RoslynAnalysisRunner static constructor.
RoslynAnalysisRunner will not be running.
RoslynAnalysisRunner has terminated.
Mono: successfully reloaded assembly
- Completed reload, in  1.154 seconds
Platform modules already initialized, skipping
Refreshing native plugins compatible for Editor in 0.16 ms, found 1 plugins.
Preloading 0 native plugins for Editor in 0.00 ms.
Unloading 675 Unused Serialized files (Serialized files now loaded: 0)
System memory in use before: 116.7 MB.
System memory in use after: 116.2 MB.

Unloading 18 unused Assets to reduce memory usage. Loaded Objects now: 1998.
Total: 2.332870 ms (FindLiveObjects: 0.184574 ms CreateObjectMapping: 0.073081 ms MarkObjects: 1.650682 ms  DeleteObjects: 0.423355 ms)

========================================================================
Received Prepare
Registering precompiled user dll's ...
Registered in 0.000418 seconds.
Begin MonoManager ReloadAssembly
Native extension for OSXStandalone target not found
Native extension for WebGL target not found
Refreshing native plugins compatible for Editor in 0.17 ms, found 1 plugins.
Preloading 0 native plugins for Editor in 0.00 ms.
Invoked RoslynAnalysisRunner static constructor.
RoslynAnalysisRunner will not be running.
RoslynAnalysisRunner has terminated.
Mono: successfully reloaded assembly
- Completed reload, in  1.188 seconds
Platform modules already initialized, skipping
Refreshing native plugins compatible for Editor in 0.23 ms, found 1 plugins.
Preloading 0 native plugins for Editor in 0.00 ms.
Unloading 675 Unused Serialized files (Serialized files now loaded: 0)
System memory in use before: 116.9 MB.
System memory in use after: 116.4 MB.

Unloading 18 unused Assets to reduce memory usage. Loaded Objects now: 2001.
Total: 2.759651 ms (FindLiveObjects: 0.226012 ms CreateObjectMapping: 0.104427 ms MarkObjects: 1.838273 ms  DeleteObjects: 0.589474 ms)

========================================================================
Received Prepare
Registering precompiled user dll's ...
Registered in 0.000552 seconds.
Begin MonoManager ReloadAssembly
Native extension for OSXStandalone target not found
Native extension for WebGL target not found
Refreshing native plugins compatible for Editor in 0.16 ms, found 1 plugins.
Preloading 0 native plugins for Editor in 0.00 ms.
Invoked RoslynAnalysisRunner static constructor.
RoslynAnalysisRunner will not be running.
RoslynAnalysisRunner has terminated.
Mono: successfully reloaded assembly
- Completed reload, in  1.101 seconds
Platform modules already initialized, skipping
Refreshing native plugins compatible for Editor in 0.17 ms, found 1 plugins.
Preloading 0 native plugins for Editor in 0.00 ms.
Unloading 675 Unused Serialized files (Serialized files now loaded: 0)
System memory in use before: 117.0 MB.
System memory in use after: 116.5 MB.

Unloading 18 unused Assets to reduce memory usage. Loaded Objects now: 2004.
Total: 2.676132 ms (FindLiveObjects: 0.211249 ms CreateObjectMapping: 0.108154 ms MarkObjects: 1.895760 ms  DeleteObjects: 0.459906 ms)

========================================================================
Received Prepare
Registering precompiled user dll's ...
Registered in 0.000403 seconds.
Begin MonoManager ReloadAssembly
Native extension for OSXStandalone target not found
Native extension for WebGL target not found
Refreshing native plugins compatible for Editor in 0.21 ms, found 1 plugins.
Preloading 0 native plugins for Editor in 0.00 ms.
Invoked RoslynAnalysisRunner static constructor.
RoslynAnalysisRunner will not be running.
RoslynAnalysisRunner has terminated.
Mono: successfully reloaded assembly
- Completed reload, in  1.144 seconds
Platform modules already initialized, skipping
Refreshing native plugins compatible for Editor in 0.16 ms, found 1 plugins.
Preloading 0 native plugins for Editor in 0.00 ms.
Unloading 675 Unused Serialized files (Serialized files now loaded: 0)
System memory in use before: 117.2 MB.
System memory in use after: 116.7 MB.

Unloading 18 unused Assets to reduce memory usage. Loaded Objects now: 2007.
Total: 2.489652 ms (FindLiveObjects: 0.204489 ms CreateObjectMapping: 0.091749 ms MarkObjects: 1.767323 ms  DeleteObjects: 0.425013 ms)

========================================================================
Received Prepare
Registering precompiled user dll's ...
Registered in 0.000392 seconds.
Begin MonoManager ReloadAssembly
Native extension for OSXStandalone target not found
Native extension for WebGL target not found
Refreshing native plugins compatible for Editor in 0.17 ms, found 1 plugins.
Preloading 0 native plugins for Editor in 0.00 ms.
Invoked RoslynAnalysisRunner static constructor.
RoslynAnalysisRunner will not be running.
RoslynAnalysisRunner has terminated.
Mono: successfully reloaded assembly
- Completed reload, in  1.168 seconds
Platform modules already initialized, skipping
Refreshing native plugins compatible for Editor in 0.16 ms, found 1 plugins.
Preloading 0 native plugins for Editor in 0.00 ms.
Unloading 675 Unused Serialized files (Serialized files now loaded: 0)
System memory in use before: 117.4 MB.
System memory in use after: 116.8 MB.

Unloading 18 unused Assets to reduce memory usage. Loaded Objects now: 2010.
Total: 2.289297 ms (FindLiveObjects: 0.208994 ms CreateObjectMapping: 0.057521 ms MarkObjects: 1.565495 ms  DeleteObjects: 0.455667 ms)

========================================================================
Received Prepare
Registering precompiled user dll's ...
Registered in 0.000380 seconds.
Begin MonoManager ReloadAssembly
Native extension for OSXStandalone target not found
Native extension for WebGL target not found
Refreshing native plugins compatible for Editor in 0.17 ms, found 1 plugins.
Preloading 0 native plugins for Editor in 0.00 ms.
Invoked RoslynAnalysisRunner static constructor.
RoslynAnalysisRunner will not be running.
RoslynAnalysisRunner has terminated.
Mono: successfully reloaded assembly
- Completed reload, in  1.106 seconds
Platform modules already initialized, skipping
Refreshing native plugins compatible for Editor in 0.15 ms, found 1 plugins.
Preloading 0 native plugins for Editor in 0.00 ms.
Unloading 675 Unused Serialized files (Serialized files now loaded: 0)
System memory in use before: 117.5 MB.
System memory in use after: 117.0 MB.

Unloading 18 unused Assets to reduce memory usage. Loaded Objects now: 2013.
Total: 2.499269 ms (FindLiveObjects: 0.238162 ms CreateObjectMapping: 0.107618 ms MarkObjects: 1.728058 ms  DeleteObjects: 0.424037 ms)

========================================================================
Received Prepare
Registering precompiled user dll's ...
Registered in 0.000371 seconds.
Begin MonoManager ReloadAssembly
Native extension for OSXStandalone target not found
Native extension for WebGL target not found
Refreshing native plugins compatible for Editor in 0.16 ms, found 1 plugins.
Preloading 0 native plugins for Editor in 0.00 ms.
Invoked RoslynAnalysisRunner static constructor.
RoslynAnalysisRunner will not be running.
RoslynAnalysisRunner has terminated.
Mono: successfully reloaded assembly
- Completed reload, in  1.089 seconds
Platform modules already initialized, skipping
Refreshing native plugins compatible for Editor in 0.15 ms, found 1 plugins.
Preloading 0 native plugins for Editor in 0.00 ms.
Unloading 675 Unused Serialized files (Serialized files now loaded: 0)
System memory in use before: 117.7 MB.
System memory in use after: 117.2 MB.

Unloading 18 unused Assets to reduce memory usage. Loaded Objects now: 2016.
Total: 2.291837 ms (FindLiveObjects: 0.185602 ms CreateObjectMapping: 0.072923 ms MarkObjects: 1.620617 ms  DeleteObjects: 0.411646 ms)

========================================================================
Received Prepare
Registering precompiled user dll's ...
Registered in 0.000369 seconds.
Begin MonoManager ReloadAssembly
Native extension for OSXStandalone target not found
Native extension for WebGL target not found
Refreshing native plugins compatible for Editor in 0.20 ms, found 1 plugins.
Preloading 0 native plugins for Editor in 0.00 ms.
Invoked RoslynAnalysisRunner static constructor.
RoslynAnalysisRunner will not be running.
RoslynAnalysisRunner has terminated.
Mono: successfully reloaded assembly
- Completed reload, in  1.112 seconds
Platform modules already initialized, skipping
Refreshing native plugins compatible for Editor in 0.16 ms, found 1 plugins.
Preloading 0 native plugins for Editor in 0.00 ms.
Unloading 675 Unused Serialized files (Serialized files now loaded: 0)
System memory in use before: 117.9 MB.
System memory in use after: 117.4 MB.

Unloading 18 unused Assets to reduce memory usage. Loaded Objects now: 2019.
Total: 2.604202 ms (FindLiveObjects: 0.263939 ms CreateObjectMapping: 0.126589 ms MarkObjects: 1.754183 ms  DeleteObjects: 0.458015 ms)

========================================================================
Received Prepare
Registering precompiled user dll's ...
Registered in 0.000364 seconds.
Begin MonoManager ReloadAssembly
Native extension for OSXStandalone target not found
Native extension for WebGL target not found
Refreshing native plugins compatible for Editor in 0.17 ms, found 1 plugins.
Preloading 0 native plugins for Editor in 0.00 ms.
Invoked RoslynAnalysisRunner static constructor.
RoslynAnalysisRunner will not be running.
RoslynAnalysisRunner has terminated.
Mono: successfully reloaded assembly
- Completed reload, in  1.103 seconds
Platform modules already initialized, skipping
Refreshing native plugins compatible for Editor in 0.19 ms, found 1 plugins.
Preloading 0 native plugins for Editor in 0.00 ms.
Unloading 675 Unused Serialized files (Serialized files now loaded: 0)
System memory in use before: 118.0 MB.
System memory in use after: 117.5 MB.

Unloading 18 unused Assets to reduce memory usage. Loaded Objects now: 2022.
Total: 2.346882 ms (FindLiveObjects: 0.171277 ms CreateObjectMapping: 0.068152 ms MarkObjects: 1.642730 ms  DeleteObjects: 0.463500 ms)

========================================================================
Received Prepare
Registering precompiled user dll's ...
Registered in 0.000418 seconds.
Begin MonoManager ReloadAssembly
Native extension for OSXStandalone target not found
Native extension for WebGL target not found
Refreshing native plugins compatible for Editor in 0.17 ms, found 1 plugins.
Preloading 0 native plugins for Editor in 0.00 ms.
Invoked RoslynAnalysisRunner static constructor.
RoslynAnalysisRunner will not be running.
RoslynAnalysisRunner has terminated.
Mono: successfully reloaded assembly
- Completed reload, in  1.121 seconds
Platform modules already initialized, skipping
Refreshing native plugins compatible for Editor in 0.18 ms, found 1 plugins.
Preloading 0 native plugins for Editor in 0.00 ms.
Unloading 675 Unused Serialized files (Serialized files now loaded: 0)
System memory in use before: 118.2 MB.
System memory in use after: 117.6 MB.

Unloading 18 unused Assets to reduce memory usage. Loaded Objects now: 2025.
Total: 2.590534 ms (FindLiveObjects: 0.225755 ms CreateObjectMapping: 0.100441 ms MarkObjects: 1.779372 ms  DeleteObjects: 0.483729 ms)

========================================================================
Received Import Request.
  Time since last request: 1471.473413 seconds.
  path: Assets/Event System/Scripts/EventManagerSO.cs
  artifactKey: Guid(298616fd65d8044c5bf8daab94017716) Importer(815301076,1909f56bfc062723c751e8b465ee728b)
Start importing Assets/Event System/Scripts/EventManagerSO.cs using Guid(298616fd65d8044c5bf8daab94017716) Importer(815301076,1909f56bfc062723c751e8b465ee728b)  -> (artifact id: '5d77f87f7765f20fd626e33cceaf08f5') in 0.004831 seconds
  Import took 0.029696 seconds .

========================================================================
Received Import Request.
  Time since last request: 0.003245 seconds.
  path: Assets/Event System/Scripts/EventSubscriber.cs
  artifactKey: Guid(9d8edac6990344ac2b45e1446450b44d) Importer(815301076,1909f56bfc062723c751e8b465ee728b)
Start importing Assets/Event System/Scripts/EventSubscriber.cs using Guid(9d8edac6990344ac2b45e1446450b44d) Importer(815301076,1909f56bfc062723c751e8b465ee728b)  -> (artifact id: '6c5588bf5a0cfde72d51ce4c074f43a6') in 0.001858 seconds
  Import took 0.006463 seconds .

========================================================================
Received Import Request.
  Time since last request: 0.006961 seconds.
  path: Assets/Event System/Demo
  artifactKey: Guid(e008b482fc7904209a37ac076a857fa4) Importer(815301076,1909f56bfc062723c751e8b465ee728b)
Start importing Assets/Event System/Demo using Guid(e008b482fc7904209a37ac076a857fa4) Importer(815301076,1909f56bfc062723c751e8b465ee728b)  -> (artifact id: '9e2bc35a14c42f0d90fb738d962cdb10') in 0.001267 seconds
  Import took 0.004266 seconds .

========================================================================
Received Import Request.
  Time since last request: 0.004965 seconds.
  path: Assets/Event System/Scripts/Event.cs
  artifactKey: Guid(3ecf779d3cd17444c8e736a0f9662ac8) Importer(815301076,1909f56bfc062723c751e8b465ee728b)
Start importing Assets/Event System/Scripts/Event.cs using Guid(3ecf779d3cd17444c8e736a0f9662ac8) Importer(815301076,1909f56bfc062723c751e8b465ee728b)  -> (artifact id: 'a1e28388c1fe0ad1de44abf69b32794f') in 0.001901 seconds
  Import took 0.004688 seconds .

========================================================================
Received Import Request.
  Time since last request: 0.002640 seconds.
  path: Assets/Event System/Demo/Demo.unity
  artifactKey: Guid(2cda990e2423bbf4892e6590ba056729) Importer(815301076,1909f56bfc062723c751e8b465ee728b)
Start importing Assets/Event System/Demo/Demo.unity using Guid(2cda990e2423bbf4892e6590ba056729) Importer(815301076,1909f56bfc062723c751e8b465ee728b)  -> (artifact id: '9516c17486d3d8e1a4269ab3100a5dd6') in 0.009632 seconds
  Import took 0.039866 seconds .

========================================================================
Received Import Request.
  Time since last request: 0.002585 seconds.
  path: Assets/Event System/Demo/Demo.cs
  artifactKey: Guid(baf08f4fb8de642e9a9619e43e48d901) Importer(815301076,1909f56bfc062723c751e8b465ee728b)
Start importing Assets/Event System/Demo/Demo.cs using Guid(baf08f4fb8de642e9a9619e43e48d901) Importer(815301076,1909f56bfc062723c751e8b465ee728b)  -> (artifact id: 'cbd80c579d4b74eb7e6473eaa1005463') in 0.001931 seconds
  Import took 0.005285 seconds .

========================================================================
Received Prepare
Registering precompiled user dll's ...
Registered in 0.000531 seconds.
Begin MonoManager ReloadAssembly
Native extension for OSXStandalone target not found
Native extension for WebGL target not found
Refreshing native plugins compatible for Editor in 0.16 ms, found 1 plugins.
Preloading 0 native plugins for Editor in 0.00 ms.
Invoked RoslynAnalysisRunner static constructor.
RoslynAnalysisRunner will not be running.
RoslynAnalysisRunner has terminated.
Mono: successfully reloaded assembly
- Completed reload, in  1.196 seconds
Platform modules already initialized, skipping
Refreshing native plugins compatible for Editor in 0.16 ms, found 1 plugins.
Preloading 0 native plugins for Editor in 0.00 ms.
Unloading 675 Unused Serialized files (Serialized files now loaded: 0)
System memory in use before: 118.3 MB.
System memory in use after: 117.8 MB.

Unloading 18 unused Assets to reduce memory usage. Loaded Objects now: 2028.
Total: 2.619454 ms (FindLiveObjects: 0.287276 ms CreateObjectMapping: 0.093419 ms MarkObjects: 1.768269 ms  DeleteObjects: 0.468996 ms)

========================================================================
Received Import Request.
  Time since last request: 6433.577195 seconds.
  path: Assets/Event System/Scripts/EventSubscriber.cs
  artifactKey: Guid(9d8edac6990344ac2b45e1446450b44d) Importer(815301076,1909f56bfc062723c751e8b465ee728b)
Start importing Assets/Event System/Scripts/EventSubscriber.cs using Guid(9d8edac6990344ac2b45e1446450b44d) Importer(815301076,1909f56bfc062723c751e8b465ee728b)  -> (artifact id: '13b5d53e867c1e792058bbcbae42c0fe') in 0.008253 seconds
  Import took 0.013368 seconds .

========================================================================
Received Prepare
Registering precompiled user dll's ...
Registered in 0.000389 seconds.
Begin MonoManager ReloadAssembly
Native extension for OSXStandalone target not found
Native extension for WebGL target not found
Refreshing native plugins compatible for Editor in 0.16 ms, found 1 plugins.
Preloading 0 native plugins for Editor in 0.00 ms.
Invoked RoslynAnalysisRunner static constructor.
RoslynAnalysisRunner will not be running.
RoslynAnalysisRunner has terminated.
Mono: successfully reloaded assembly
- Completed reload, in  1.131 seconds
Platform modules already initialized, skipping
Refreshing native plugins compatible for Editor in 0.15 ms, found 1 plugins.
Preloading 0 native plugins for Editor in 0.00 ms.
Unloading 675 Unused Serialized files (Serialized files now loaded: 0)
System memory in use before: 118.5 MB.
System memory in use after: 118.0 MB.

Unloading 18 unused Assets to reduce memory usage. Loaded Objects now: 2031.
Total: 2.408437 ms (FindLiveObjects: 0.194371 ms CreateObjectMapping: 0.071039 ms MarkObjects: 1.710043 ms  DeleteObjects: 0.431847 ms)

========================================================================
Received Prepare
Registering precompiled user dll's ...
Registered in 0.000428 seconds.
Begin MonoManager ReloadAssembly
Native extension for OSXStandalone target not found
Native extension for WebGL target not found
Refreshing native plugins compatible for Editor in 0.17 ms, found 1 plugins.
Preloading 0 native plugins for Editor in 0.00 ms.
Invoked RoslynAnalysisRunner static constructor.
RoslynAnalysisRunner will not be running.
RoslynAnalysisRunner has terminated.
Mono: successfully reloaded assembly
- Completed reload, in  1.234 seconds
Platform modules already initialized, skipping
Refreshing native plugins compatible for Editor in 0.17 ms, found 1 plugins.
Preloading 0 native plugins for Editor in 0.00 ms.
Unloading 675 Unused Serialized files (Serialized files now loaded: 0)
System memory in use before: 118.6 MB.
System memory in use after: 118.1 MB.

Unloading 18 unused Assets to reduce memory usage. Loaded Objects now: 2034.
Total: 3.302012 ms (FindLiveObjects: 0.303762 ms CreateObjectMapping: 0.363312 ms MarkObjects: 2.121179 ms  DeleteObjects: 0.511434 ms)

========================================================================
Received Import Request.
  Time since last request: 905.503778 seconds.
  path: Assets/Event System/Scripts/Event.cs
  artifactKey: Guid(3ecf779d3cd17444c8e736a0f9662ac8) Importer(815301076,1909f56bfc062723c751e8b465ee728b)
Start importing Assets/Event System/Scripts/Event.cs using Guid(3ecf779d3cd17444c8e736a0f9662ac8) Importer(815301076,1909f56bfc062723c751e8b465ee728b)  -> (artifact id: 'cb10ba7194ff46401a107163b98ac1ba') in 0.004718 seconds
  Import took 0.020653 seconds .

